<?xml version="1.0" encoding="UTF-8"?>
<testsuite name="com.rustywhite404.web.dto.HelloResponseDtoTest" tests="1" skipped="0" failures="0" errors="0" timestamp="2022-01-03T12:19:20" hostname="ALBEDO" time="0.008">
  <properties/>
  <testcase name="롬복_기능_테스트" classname="com.rustywhite404.web.dto.HelloResponseDtoTest" time="0.008"/>
  <system-out><![CDATA[]]></system-out>
  <system-err><![CDATA[]]></system-err>
</testsuite>
