<?xml version="1.0" encoding="UTF-8"?>
<testsuite name="com.rustywhite404.web.domain.posts.PostsRepositoryTest" tests="2" skipped="0" failures="0" errors="0" timestamp="2022-01-03T12:19:20" hostname="ALBEDO" time="0.357">
  <properties/>
  <testcase name="게시글저장_불러오기" classname="com.rustywhite404.web.domain.posts.PostsRepositoryTest" time="0.319"/>
  <testcase name="BaseTimeEntity_등록" classname="com.rustywhite404.web.domain.posts.PostsRepositoryTest" time="0.036"/>
  <system-out><![CDATA[21:19:12.145 [Test worker] DEBUG org.springframework.test.annotation.ProfileValueUtils - Retrieved @ProfileValueSourceConfiguration [null] for test class [com.rustywhite404.web.domain.posts.PostsRepositoryTest]
21:19:12.146 [Test worker] DEBUG org.springframework.test.annotation.ProfileValueUtils - Retrieved ProfileValueSource type [class org.springframework.test.annotation.SystemProfileValueSource] for class [com.rustywhite404.web.domain.posts.PostsRepositoryTest]
21:19:12.148 [Test worker] DEBUG org.springframework.test.annotation.ProfileValueUtils - Retrieved @ProfileValueSourceConfiguration [null] for test class [com.rustywhite404.web.domain.posts.PostsRepositoryTest]
21:19:12.148 [Test worker] DEBUG org.springframework.test.annotation.ProfileValueUtils - Retrieved ProfileValueSource type [class org.springframework.test.annotation.SystemProfileValueSource] for class [com.rustywhite404.web.domain.posts.PostsRepositoryTest]
21:19:12.157 [Test worker] DEBUG org.springframework.test.context.support.AbstractDirtiesContextTestExecutionListener - Before test class: context [DefaultTestContext@97c892d testClass = PostsRepositoryTest, testInstance = [null], testMethod = [null], testException = [null], mergedContextConfiguration = [WebMergedContextConfiguration@35c9a23a testClass = PostsRepositoryTest, locations = '{}', classes = '{class com.rustywhite404.Application}', contextInitializerClasses = '[]', activeProfiles = '{}', propertySourceLocations = '{}', propertySourceProperties = '{org.springframework.boot.test.context.SpringBootTestContextBootstrapper=true}', contextCustomizers = set[org.springframework.boot.test.autoconfigure.properties.PropertyMappingContextCustomizer@0, org.springframework.boot.test.autoconfigure.web.servlet.WebDriverContextCustomizerFactory$Customizer@25524c2a, org.springframework.boot.test.context.filter.ExcludeFilterContextCustomizer@56dd631, org.springframework.boot.test.json.DuplicateJsonObjectContextCustomizerFactory$DuplicateJsonObjectContextCustomizer@6ddbcede, org.springframework.boot.test.mock.mockito.MockitoContextCustomizer@0, org.springframework.boot.test.web.client.TestRestTemplateContextCustomizer@4c72c923], resourceBasePath = 'src/main/webapp', contextLoader = 'org.springframework.boot.test.context.SpringBootContextLoader', parent = [null]], attributes = map['org.springframework.test.context.web.ServletTestExecutionListener.activateListener' -> true]], class annotated with @DirtiesContext [false] with mode [null].
21:19:12.158 [Test worker] DEBUG org.springframework.test.annotation.ProfileValueUtils - Retrieved @ProfileValueSourceConfiguration [null] for test class [com.rustywhite404.web.domain.posts.PostsRepositoryTest]
21:19:12.158 [Test worker] DEBUG org.springframework.test.annotation.ProfileValueUtils - Retrieved ProfileValueSource type [class org.springframework.test.annotation.SystemProfileValueSource] for class [com.rustywhite404.web.domain.posts.PostsRepositoryTest]
21:19:12.201 [Test worker] DEBUG org.springframework.test.context.support.TestPropertySourceUtils - Adding inlined properties to environment: {spring.jmx.enabled=false, org.springframework.boot.test.context.SpringBootTestContextBootstrapper=true, server.port=-1}

  .   ____          _            __ _ _
 /\\ / ___'_ __ _ _(_)_ __  __ _ \ \ \ \
( ( )\___ | '_ | '_| | '_ \/ _` | \ \ \ \
 \\/  ___)| |_)| | | | | || (_| |  ) ) ) )
  '  |____| .__|_| |_|_| |_\__, | / / / /
 =========|_|==============|___/=/_/_/_/
 :: Spring Boot ::        (v2.1.7.RELEASE)

2022-01-03 21:19:12.550  INFO 16936 --- [    Test worker] c.r.w.domain.posts.PostsRepositoryTest   : Starting PostsRepositoryTest on ALBEDO with PID 16936 (started by RAPID in D:\DEV\RUSTYWHITE)
2022-01-03 21:19:12.552  INFO 16936 --- [    Test worker] c.r.w.domain.posts.PostsRepositoryTest   : No active profile set, falling back to default profiles: default
2022-01-03 21:19:14.505  INFO 16936 --- [    Test worker] .s.d.r.c.RepositoryConfigurationDelegate : Bootstrapping Spring Data repositories in DEFAULT mode.
2022-01-03 21:19:14.586  INFO 16936 --- [    Test worker] .s.d.r.c.RepositoryConfigurationDelegate : Finished Spring Data repository scanning in 71ms. Found 2 repository interfaces.
2022-01-03 21:19:15.204  INFO 16936 --- [    Test worker] trationDelegate$BeanPostProcessorChecker : Bean 'org.springframework.transaction.annotation.ProxyTransactionManagementConfiguration' of type [org.springframework.transaction.annotation.ProxyTransactionManagementConfiguration$$EnhancerBySpringCGLIB$$a747506d] is not eligible for getting processed by all BeanPostProcessors (for example: not eligible for auto-proxying)
2022-01-03 21:19:15.476  INFO 16936 --- [    Test worker] com.zaxxer.hikari.HikariDataSource       : HikariPool-1 - Starting...
2022-01-03 21:19:15.758  INFO 16936 --- [    Test worker] com.zaxxer.hikari.HikariDataSource       : HikariPool-1 - Start completed.
2022-01-03 21:19:15.901  INFO 16936 --- [    Test worker] o.hibernate.jpa.internal.util.LogHelper  : HHH000204: Processing PersistenceUnitInfo [
	name: default
	...]
2022-01-03 21:19:16.016  INFO 16936 --- [    Test worker] org.hibernate.Version                    : HHH000412: Hibernate Core {5.3.10.Final}
2022-01-03 21:19:16.021  INFO 16936 --- [    Test worker] org.hibernate.cfg.Environment            : HHH000206: hibernate.properties not found
2022-01-03 21:19:16.346  INFO 16936 --- [    Test worker] o.hibernate.annotations.common.Version   : HCANN000001: Hibernate Commons Annotations {5.0.4.Final}
2022-01-03 21:19:16.591  INFO 16936 --- [    Test worker] org.hibernate.dialect.Dialect            : HHH000400: Using dialect: org.hibernate.dialect.MySQL5InnoDBDialect
Hibernate: drop table if exists posts
Hibernate: drop table if exists user
Hibernate: create table posts (id bigint not null auto_increment, created_date datetime, modified_date datetime, author varchar(255), content TEXT not null, title varchar(500) not null, primary key (id)) engine=InnoDB
Hibernate: create table user (id bigint not null auto_increment, created_date datetime, modified_date datetime, email varchar(255) not null, name varchar(255) not null, picture varchar(255), role varchar(255) not null, primary key (id)) engine=InnoDB
2022-01-03 21:19:17.422  INFO 16936 --- [    Test worker] o.h.t.schema.internal.SchemaCreatorImpl  : HHH000476: Executing import script 'org.hibernate.tool.schema.internal.exec.ScriptSourceInputNonExistentImpl@3512a697'
2022-01-03 21:19:17.426  INFO 16936 --- [    Test worker] j.LocalContainerEntityManagerFactoryBean : Initialized JPA EntityManagerFactory for persistence unit 'default'
2022-01-03 21:19:18.095  INFO 16936 --- [    Test worker] o.h.h.i.QueryTranslatorFactoryInitiator  : HHH000397: Using ASTQueryTranslatorFactory
2022-01-03 21:19:18.705  INFO 16936 --- [    Test worker] o.s.s.web.DefaultSecurityFilterChain     : Creating filter chain: any request, [org.springframework.security.web.context.request.async.WebAsyncManagerIntegrationFilter@24685099, org.springframework.security.web.context.SecurityContextPersistenceFilter@126a909b, org.springframework.security.web.header.HeaderWriterFilter@da23459, org.springframework.security.web.authentication.logout.LogoutFilter@5193b3e5, org.springframework.security.oauth2.client.web.OAuth2AuthorizationRequestRedirectFilter@66b5b091, org.springframework.security.oauth2.client.web.OAuth2LoginAuthenticationFilter@10c702d8, org.springframework.security.web.authentication.ui.DefaultLoginPageGeneratingFilter@43718bea, org.springframework.security.web.authentication.ui.DefaultLogoutPageGeneratingFilter@4802bfde, org.springframework.security.web.savedrequest.RequestCacheAwareFilter@45fe7edd, org.springframework.security.web.servletapi.SecurityContextHolderAwareRequestFilter@6127a25b, org.springframework.security.web.authentication.AnonymousAuthenticationFilter@14cbf9d1, org.springframework.security.web.session.SessionManagementFilter@379863e6, org.springframework.security.web.access.ExceptionTranslationFilter@a731ec5, org.springframework.security.web.access.intercept.FilterSecurityInterceptor@5a4b822a]
2022-01-03 21:19:19.426  INFO 16936 --- [    Test worker] o.s.s.concurrent.ThreadPoolTaskExecutor  : Initializing ExecutorService 'applicationTaskExecutor'
2022-01-03 21:19:19.487  WARN 16936 --- [    Test worker] aWebConfiguration$JpaWebMvcConfiguration : spring.jpa.open-in-view is enabled by default. Therefore, database queries may be performed during view rendering. Explicitly configure spring.jpa.open-in-view to disable this warning
2022-01-03 21:19:19.539  INFO 16936 --- [    Test worker] o.s.b.a.w.s.WelcomePageHandlerMapping    : Adding welcome page template: index
2022-01-03 21:19:20.038  INFO 16936 --- [    Test worker] s.a.ScheduledAnnotationBeanPostProcessor : No TaskScheduler/ScheduledExecutorService bean found for scheduled processing
2022-01-03 21:19:20.050  INFO 16936 --- [    Test worker] c.r.w.domain.posts.PostsRepositoryTest   : Started PostsRepositoryTest in 7.834 seconds (JVM running for 10.925)
Hibernate: insert into posts (created_date, modified_date, author, content, title) values (?, ?, ?, ?, ?)
Hibernate: select posts0_.id as id1_0_, posts0_.created_date as created_2_0_, posts0_.modified_date as modified3_0_, posts0_.author as author4_0_, posts0_.content as content5_0_, posts0_.title as title6_0_ from posts posts0_
Hibernate: select posts0_.id as id1_0_, posts0_.created_date as created_2_0_, posts0_.modified_date as modified3_0_, posts0_.author as author4_0_, posts0_.content as content5_0_, posts0_.title as title6_0_ from posts posts0_
Hibernate: delete from posts where id=?
Hibernate: insert into posts (created_date, modified_date, author, content, title) values (?, ?, ?, ?, ?)
Hibernate: select posts0_.id as id1_0_, posts0_.created_date as created_2_0_, posts0_.modified_date as modified3_0_, posts0_.author as author4_0_, posts0_.content as content5_0_, posts0_.title as title6_0_ from posts posts0_
>>>>>>>>> createDate=2022-01-03T21:19:20.404310, modifiedDate=2022-01-03T21:19:20.404310
Hibernate: select posts0_.id as id1_0_, posts0_.created_date as created_2_0_, posts0_.modified_date as modified3_0_, posts0_.author as author4_0_, posts0_.content as content5_0_, posts0_.title as title6_0_ from posts posts0_
Hibernate: delete from posts where id=?
]]></system-out>
  <system-err><![CDATA[]]></system-err>
</testsuite>
