<?xml version="1.0" encoding="UTF-8"?>
<testsuite name="com.rustywhite404.web.HelloControllerTest" tests="2" skipped="0" failures="0" errors="0" timestamp="2022-01-03T12:19:22" hostname="ALBEDO" time="0.179">
  <properties/>
  <testcase name="hello가_리턴된다" classname="com.rustywhite404.web.HelloControllerTest" time="0.096"/>
  <testcase name="helloDto가_리턴된다" classname="com.rustywhite404.web.HelloControllerTest" time="0.082"/>
  <system-out><![CDATA[
  .   ____          _            __ _ _
 /\\ / ___'_ __ _ _(_)_ __  __ _ \ \ \ \
( ( )\___ | '_ | '_| | '_ \/ _` | \ \ \ \
 \\/  ___)| |_)| | | | | || (_| |  ) ) ) )
  '  |____| .__|_| |_|_| |_\__, | / / / /
 =========|_|==============|___/=/_/_/_/
 :: Spring Boot ::        (v2.1.7.RELEASE)

2022-01-03 21:19:20.477  INFO 16936 --- [    Test worker] c.rustywhite404.web.HelloControllerTest  : Starting HelloControllerTest on ALBEDO with PID 16936 (started by RAPID in D:\DEV\RUSTYWHITE)
2022-01-03 21:19:20.477  INFO 16936 --- [    Test worker] c.rustywhite404.web.HelloControllerTest  : No active profile set, falling back to default profiles: default
2022-01-03 21:19:21.494  INFO 16936 --- [    Test worker] o.s.s.concurrent.ThreadPoolTaskExecutor  : Initializing ExecutorService 'applicationTaskExecutor'
2022-01-03 21:19:21.594  INFO 16936 --- [    Test worker] o.s.b.a.w.s.WelcomePageHandlerMapping    : Adding welcome page template: index
2022-01-03 21:19:22.071  INFO 16936 --- [    Test worker] .s.s.UserDetailsServiceAutoConfiguration : 

Using generated security password: ec09b258-a3ef-479d-9454-ae2b1fae9b46

2022-01-03 21:19:22.379  INFO 16936 --- [    Test worker] o.s.s.web.DefaultSecurityFilterChain     : Creating filter chain: any request, [org.springframework.security.web.context.request.async.WebAsyncManagerIntegrationFilter@3f6bb803, org.springframework.security.web.context.SecurityContextPersistenceFilter@416229de, org.springframework.security.web.header.HeaderWriterFilter@6d72c841, org.springframework.security.web.csrf.CsrfFilter@30d2e13e, org.springframework.security.web.authentication.logout.LogoutFilter@1adb9f5b, org.springframework.security.web.authentication.UsernamePasswordAuthenticationFilter@63d1859a, org.springframework.security.web.authentication.ui.DefaultLoginPageGeneratingFilter@588ddc74, org.springframework.security.web.authentication.ui.DefaultLogoutPageGeneratingFilter@1c8b5690, org.springframework.security.web.authentication.www.BasicAuthenticationFilter@4c57ba70, org.springframework.security.web.savedrequest.RequestCacheAwareFilter@198c4c43, org.springframework.security.web.servletapi.SecurityContextHolderAwareRequestFilter@6247aff3, org.springframework.security.web.authentication.AnonymousAuthenticationFilter@6d7eeb4b, org.springframework.security.web.session.SessionManagementFilter@4a0e0fc0, org.springframework.security.web.access.ExceptionTranslationFilter@306d1b7a, org.springframework.security.web.access.intercept.FilterSecurityInterceptor@3ad284dc]
2022-01-03 21:19:22.425  INFO 16936 --- [    Test worker] o.s.b.t.m.w.SpringBootMockServletContext : Initializing Spring TestDispatcherServlet ''
2022-01-03 21:19:22.425  INFO 16936 --- [    Test worker] o.s.t.web.servlet.TestDispatcherServlet  : Initializing Servlet ''
2022-01-03 21:19:22.438  INFO 16936 --- [    Test worker] o.s.t.web.servlet.TestDispatcherServlet  : Completed initialization in 13 ms
2022-01-03 21:19:22.468  INFO 16936 --- [    Test worker] c.rustywhite404.web.HelloControllerTest  : Started HelloControllerTest in 2.028 seconds (JVM running for 13.342)
]]></system-out>
  <system-err><![CDATA[]]></system-err>
</testsuite>
